----------------------------------------------------------------
Wed Jan 25 11:26:37 PST 2012:
Booting Derby version The Apache Software Foundation - Apache Derby - 10.8.1.2 - (1095077): instance a816c00e-0135-1655-8443-000003117ec0 
on database directory memory:/export1/cruise/jenkins/workspace/quartz_quartz-2.1.3_kitbuilder/quartz-2.1.3/quartz/AbstractJobStoreTest  with class loader sun.misc.Launcher$AppClassLoader@182f0db 
Loaded from file:/export1/cruise/.m2/repository/org/apache/derby/derby/10.8.1.2/derby-10.8.1.2.jar
java.vendor=Sun Microsystems Inc.
java.runtime.version=1.6.0_30-b12
user.dir=/export1/cruise/jenkins/workspace/quartz_quartz-2.1.3_kitbuilder/quartz-2.1.3/quartz
derby.system.home=null
Database Class Loader started - derby.database.classpath=''
Wed Jan 25 11:26:39 PST 2012 Thread[QuartzScheduler_AbstractJobStoreTest-SINGLE_NODE_TEST_MisfireHandler,5,main] (XID = 245), (SESSIONID = 7), (DATABASE = memory:AbstractJobStoreTest), (DRDAID = null), Cleanup action starting
Wed Jan 25 11:26:39 PST 2012 Thread[QuartzScheduler_AbstractJobStoreTest-SINGLE_NODE_TEST_MisfireHandler,5,main] (XID = 245), (SESSIONID = 7), (DATABASE = memory:AbstractJobStoreTest), (DRDAID = null), Failed Statement is: SELECT COUNT(TRIGGER_NAME) FROM QRTZ_TRIGGERS WHERE SCHED_NAME = 'AbstractJobStoreTest' AND NOT (MISFIRE_INSTR = -1) AND NEXT_FIRE_TIME < ? AND TRIGGER_STATE = ? with 2 parameters begin parameter #1: 1327519539476 :end parameter begin parameter #2: WAITING :end parameter 
ERROR 08000: Connection closed by unknown interrupt.
	at org.apache.derby.iapi.error.StandardException.newException(Unknown Source)
	at org.apache.derby.iapi.util.InterruptStatus.setInterrupted(Unknown Source)
	at org.apache.derby.iapi.util.InterruptStatus.throwIf(Unknown Source)
	at org.apache.derby.impl.sql.execute.BasicNoPutResultSetImpl.checkCancellationFlag(Unknown Source)
	at org.apache.derby.impl.sql.execute.BulkTableScanResultSet.getNextRowCore(Unknown Source)
	at org.apache.derby.impl.sql.execute.IndexRowToBaseRowResultSet.getNextRowCore(Unknown Source)
	at org.apache.derby.impl.sql.execute.ProjectRestrictResultSet.getNextRowCore(Unknown Source)
	at org.apache.derby.impl.sql.execute.ProjectRestrictResultSet.getNextRowCore(Unknown Source)
	at org.apache.derby.impl.sql.execute.ScalarAggregateResultSet.getRowFromResultSet(Unknown Source)
	at org.apache.derby.impl.sql.execute.ScalarAggregateResultSet.getNextRowCore(Unknown Source)
	at org.apache.derby.impl.sql.execute.ProjectRestrictResultSet.getNextRowCore(Unknown Source)
	at org.apache.derby.impl.sql.execute.BasicNoPutResultSetImpl.getNextRow(Unknown Source)
	at org.apache.derby.impl.jdbc.EmbedResultSet.movePosition(Unknown Source)
	at org.apache.derby.impl.jdbc.EmbedResultSet.next(Unknown Source)
	at org.quartz.impl.jdbcjobstore.StdJDBCDelegate.countMisfiredTriggersInState(StdJDBCDelegate.java:418)
	at org.quartz.impl.jdbcjobstore.JobStoreSupport.doRecoverMisfires(JobStoreSupport.java:3176)
	at org.quartz.impl.jdbcjobstore.JobStoreSupport$MisfireHandler.manage(JobStoreSupport.java:3946)
	at org.quartz.impl.jdbcjobstore.JobStoreSupport$MisfireHandler.run(JobStoreSupport.java:3967)
---------------
Stack traces for all live threads:
Thread name=derby.rawStoreDaemon id=10 priority=5 state=TIMED_WAITING isdaemon=true
	java.lang.Object.wait(Native Method)
	org.apache.derby.impl.services.daemon.BasicDaemon.rest(Unknown Source)
	org.apache.derby.impl.services.daemon.BasicDaemon.run(Unknown Source)
	java.lang.Thread.run(Thread.java:662)

Thread name=Timer-0 id=8 priority=5 state=WAITING isdaemon=true
	java.lang.Object.wait(Native Method)
	java.lang.Object.wait(Object.java:485)
	java.util.TimerThread.mainLoop(Timer.java:483)
	java.util.TimerThread.run(Timer.java:462)

Thread name=main id=1 priority=5 state=WAITING isdaemon=false
	java.lang.Object.wait(Native Method)
	java.lang.Thread.join(Thread.java:1186)
	java.lang.Thread.join(Thread.java:1239)
	org.quartz.impl.jdbcjobstore.JobStoreSupport.shutdown(JobStoreSupport.java:716)
	org.quartz.impl.jdbcjobstore.JdbcJobStoreTest.destroyJobStore(JdbcJobStoreTest.java:40)
	org.quartz.AbstractJobStoreTest.tearDown(AbstractJobStoreTest.java:69)
	junit.framework.TestCase.runBare(TestCase.java:140)
	junit.framework.TestResult$1.protect(TestResult.java:110)
	junit.framework.TestResult.runProtected(TestResult.java:128)
	junit.framework.TestResult.run(TestResult.java:113)
	junit.framework.TestCase.run(TestCase.java:124)
	junit.framework.TestSuite.runTest(TestSuite.java:243)
	junit.framework.TestSuite.run(TestSuite.java:238)
	org.junit.internal.runners.JUnit38ClassRunner.run(JUnit38ClassRunner.java:83)
	org.apache.maven.surefire.junit4.JUnit4TestSet.execute(JUnit4TestSet.java:53)
	org.apache.maven.surefire.junit4.JUnit4Provider.executeTestSet(JUnit4Provider.java:123)
	org.apache.maven.surefire.junit4.JUnit4Provider.invoke(JUnit4Provider.java:104)
	sun.reflect.NativeMethodAccessorImpl.invoke0(Native Method)
	sun.reflect.NativeMethodAccessorImpl.invoke(NativeMethodAccessorImpl.java:39)
	sun.reflect.DelegatingMethodAccessorImpl.invoke(DelegatingMethodAccessorImpl.java:25)
	java.lang.reflect.Method.invoke(Method.java:597)
	org.apache.maven.surefire.util.ReflectionUtils.invokeMethodWithArray(ReflectionUtils.java:164)
	org.apache.maven.surefire.booter.ProviderFactory$ProviderProxy.invoke(ProviderFactory.java:110)
	org.apache.maven.surefire.booter.SurefireStarter.invokeProvider(SurefireStarter.java:175)
	org.apache.maven.surefire.booter.SurefireStarter.runSuitesInProcessWhenForked(SurefireStarter.java:81)
	org.apache.maven.surefire.booter.ForkedBooter.main(ForkedBooter.java:68)

Thread name=Reference Handler id=2 priority=10 state=WAITING isdaemon=true
	java.lang.Object.wait(Native Method)
	java.lang.Object.wait(Object.java:485)
	java.lang.ref.Reference$ReferenceHandler.run(Reference.java:116)

Thread name=QuartzScheduler_AbstractJobStoreTest-SINGLE_NODE_TEST_MisfireHandler id=11 priority=5 state=RUNNABLE isdaemon=false
	java.lang.Thread.dumpThreads(Native Method)
	java.lang.Thread.getAllStackTraces(Thread.java:1530)
	org.apache.derby.iapi.error.ThreadDump.getStackDumpString(Unknown Source)
	sun.reflect.NativeMethodAccessorImpl.invoke0(Native Method)
	sun.reflect.NativeMethodAccessorImpl.invoke(NativeMethodAccessorImpl.java:39)
	sun.reflect.DelegatingMethodAccessorImpl.invoke(DelegatingMethodAccessorImpl.java:25)
	java.lang.reflect.Method.invoke(Method.java:597)
	org.apache.derby.iapi.error.ExceptionUtil$1.run(Unknown Source)
	java.security.AccessController.doPrivileged(Native Method)
	org.apache.derby.iapi.error.ExceptionUtil.dumpThreads(Unknown Source)
	org.apache.derby.iapi.services.context.ContextManager.cleanupOnError(Unknown Source)
	org.apache.derby.impl.jdbc.TransactionResourceImpl.cleanupOnError(Unknown Source)
	org.apache.derby.impl.jdbc.TransactionResourceImpl.handleException(Unknown Source)
	org.apache.derby.impl.jdbc.EmbedConnection.handleException(Unknown Source)
	org.apache.derby.impl.jdbc.ConnectionChild.handleException(Unknown Source)
	org.apache.derby.impl.jdbc.EmbedResultSet.closeOnTransactionError(Unknown Source)
	org.apache.derby.impl.jdbc.EmbedResultSet.movePosition(Unknown Source)
	org.apache.derby.impl.jdbc.EmbedResultSet.next(Unknown Source)
	org.quartz.impl.jdbcjobstore.StdJDBCDelegate.countMisfiredTriggersInState(StdJDBCDelegate.java:418)
	org.quartz.impl.jdbcjobstore.JobStoreSupport.doRecoverMisfires(JobStoreSupport.java:3176)
	org.quartz.impl.jdbcjobstore.JobStoreSupport$MisfireHandler.manage(JobStoreSupport.java:3946)
	org.quartz.impl.jdbcjobstore.JobStoreSupport$MisfireHandler.run(JobStoreSupport.java:3967)

Thread name=Signal Dispatcher id=4 priority=9 state=RUNNABLE isdaemon=true

Thread name=Finalizer id=3 priority=8 state=WAITING isdaemon=true
	java.lang.Object.wait(Native Method)
	java.lang.ref.ReferenceQueue.remove(ReferenceQueue.java:118)
	java.lang.ref.ReferenceQueue.remove(ReferenceQueue.java:134)
	java.lang.ref.Finalizer$FinalizerThread.run(Finalizer.java:159)


---------------

Cleanup action completed
----------------------------------------------------------------
Wed Jan 25 11:26:39 PST 2012:
Shutting down instance a816c00e-0135-1655-8443-000003117ec0 on database directory memory:/export1/cruise/jenkins/workspace/quartz_quartz-2.1.3_kitbuilder/quartz-2.1.3/quartz/AbstractJobStoreTest with class loader sun.misc.Launcher$AppClassLoader@182f0db 
----------------------------------------------------------------
Wed Jan 25 11:26:40 PST 2012:
Booting Derby version The Apache Software Foundation - Apache Derby - 10.8.1.2 - (1095077): instance c0a0c103-0135-1655-8443-000003117ec0 
on database directory memory:/export1/cruise/jenkins/workspace/quartz_quartz-2.1.3_kitbuilder/quartz-2.1.3/quartz/AbstractJobStoreTest  with class loader sun.misc.Launcher$AppClassLoader@182f0db 
Loaded from file:/export1/cruise/.m2/repository/org/apache/derby/derby/10.8.1.2/derby-10.8.1.2.jar
java.vendor=Sun Microsystems Inc.
java.runtime.version=1.6.0_30-b12
user.dir=/export1/cruise/jenkins/workspace/quartz_quartz-2.1.3_kitbuilder/quartz-2.1.3/quartz
derby.system.home=null
Database Class Loader started - derby.database.classpath=''
----------------------------------------------------------------
Wed Jan 25 11:26:40 PST 2012:
Shutting down instance c0a0c103-0135-1655-8443-000003117ec0 on database directory memory:/export1/cruise/jenkins/workspace/quartz_quartz-2.1.3_kitbuilder/quartz-2.1.3/quartz/AbstractJobStoreTest with class loader sun.misc.Launcher$AppClassLoader@182f0db 
----------------------------------------------------------------
Wed Jan 25 11:26:41 PST 2012:
Booting Derby version The Apache Software Foundation - Apache Derby - 10.8.1.2 - (1095077): instance 9dcf0239-0135-1655-8443-000003117ec0 
on database directory memory:/export1/cruise/jenkins/workspace/quartz_quartz-2.1.3_kitbuilder/quartz-2.1.3/quartz/AbstractJobStoreTest  with class loader sun.misc.Launcher$AppClassLoader@182f0db 
Loaded from file:/export1/cruise/.m2/repository/org/apache/derby/derby/10.8.1.2/derby-10.8.1.2.jar
java.vendor=Sun Microsystems Inc.
java.runtime.version=1.6.0_30-b12
user.dir=/export1/cruise/jenkins/workspace/quartz_quartz-2.1.3_kitbuilder/quartz-2.1.3/quartz
derby.system.home=null
Database Class Loader started - derby.database.classpath=''
----------------------------------------------------------------
Wed Jan 25 11:26:42 PST 2012:
Shutting down instance 9dcf0239-0135-1655-8443-000003117ec0 on database directory memory:/export1/cruise/jenkins/workspace/quartz_quartz-2.1.3_kitbuilder/quartz-2.1.3/quartz/AbstractJobStoreTest with class loader sun.misc.Launcher$AppClassLoader@182f0db 
----------------------------------------------------------------
Wed Jan 25 11:26:42 PST 2012:
Booting Derby version The Apache Software Foundation - Apache Derby - 10.8.1.2 - (1095077): instance 31bf43ea-0135-1655-8443-000003117ec0 
on database directory memory:/export1/cruise/jenkins/workspace/quartz_quartz-2.1.3_kitbuilder/quartz-2.1.3/quartz/AbstractJobStoreTest  with class loader sun.misc.Launcher$AppClassLoader@182f0db 
Loaded from file:/export1/cruise/.m2/repository/org/apache/derby/derby/10.8.1.2/derby-10.8.1.2.jar
java.vendor=Sun Microsystems Inc.
java.runtime.version=1.6.0_30-b12
user.dir=/export1/cruise/jenkins/workspace/quartz_quartz-2.1.3_kitbuilder/quartz-2.1.3/quartz
derby.system.home=null
Database Class Loader started - derby.database.classpath=''
----------------------------------------------------------------
Wed Jan 25 11:26:43 PST 2012:
Shutting down instance 31bf43ea-0135-1655-8443-000003117ec0 on database directory memory:/export1/cruise/jenkins/workspace/quartz_quartz-2.1.3_kitbuilder/quartz-2.1.3/quartz/AbstractJobStoreTest with class loader sun.misc.Launcher$AppClassLoader@182f0db 
----------------------------------------------------------------
Wed Jan 25 11:26:43 PST 2012:
Booting Derby version The Apache Software Foundation - Apache Derby - 10.8.1.2 - (1095077): instance a319c516-0135-1655-8443-000003117ec0 
on database directory memory:/export1/cruise/jenkins/workspace/quartz_quartz-2.1.3_kitbuilder/quartz-2.1.3/quartz/AbstractJobStoreTest  with class loader sun.misc.Launcher$AppClassLoader@182f0db 
Loaded from file:/export1/cruise/.m2/repository/org/apache/derby/derby/10.8.1.2/derby-10.8.1.2.jar
java.vendor=Sun Microsystems Inc.
java.runtime.version=1.6.0_30-b12
user.dir=/export1/cruise/jenkins/workspace/quartz_quartz-2.1.3_kitbuilder/quartz-2.1.3/quartz
derby.system.home=null
Database Class Loader started - derby.database.classpath=''
----------------------------------------------------------------
Wed Jan 25 11:26:43 PST 2012:
Shutting down instance a319c516-0135-1655-8443-000003117ec0 on database directory memory:/export1/cruise/jenkins/workspace/quartz_quartz-2.1.3_kitbuilder/quartz-2.1.3/quartz/AbstractJobStoreTest with class loader sun.misc.Launcher$AppClassLoader@182f0db 
----------------------------------------------------------------
Wed Jan 25 11:26:44 PST 2012:
Booting Derby version The Apache Software Foundation - Apache Derby - 10.8.1.2 - (1095077): instance c05a0630-0135-1655-8443-000003117ec0 
on database directory memory:/export1/cruise/jenkins/workspace/quartz_quartz-2.1.3_kitbuilder/quartz-2.1.3/quartz/AbstractJobStoreTest  with class loader sun.misc.Launcher$AppClassLoader@182f0db 
Loaded from file:/export1/cruise/.m2/repository/org/apache/derby/derby/10.8.1.2/derby-10.8.1.2.jar
java.vendor=Sun Microsystems Inc.
java.runtime.version=1.6.0_30-b12
user.dir=/export1/cruise/jenkins/workspace/quartz_quartz-2.1.3_kitbuilder/quartz-2.1.3/quartz
derby.system.home=null
Database Class Loader started - derby.database.classpath=''
----------------------------------------------------------------
Wed Jan 25 11:26:44 PST 2012:
Shutting down instance c05a0630-0135-1655-8443-000003117ec0 on database directory memory:/export1/cruise/jenkins/workspace/quartz_quartz-2.1.3_kitbuilder/quartz-2.1.3/quartz/AbstractJobStoreTest with class loader sun.misc.Launcher$AppClassLoader@182f0db 
----------------------------------------------------------------
Wed Jan 25 11:26:45 PST 2012:
Booting Derby version The Apache Software Foundation - Apache Derby - 10.8.1.2 - (1095077): instance e32c4722-0135-1655-8443-000003117ec0 
on database directory memory:/export1/cruise/jenkins/workspace/quartz_quartz-2.1.3_kitbuilder/quartz-2.1.3/quartz/AbstractJobStoreTest  with class loader sun.misc.Launcher$AppClassLoader@182f0db 
Loaded from file:/export1/cruise/.m2/repository/org/apache/derby/derby/10.8.1.2/derby-10.8.1.2.jar
java.vendor=Sun Microsystems Inc.
java.runtime.version=1.6.0_30-b12
user.dir=/export1/cruise/jenkins/workspace/quartz_quartz-2.1.3_kitbuilder/quartz-2.1.3/quartz
derby.system.home=null
Database Class Loader started - derby.database.classpath=''
----------------------------------------------------------------
Wed Jan 25 11:26:45 PST 2012:
Booting Derby version The Apache Software Foundation - Apache Derby - 10.8.1.2 - (1095077): instance 7f2f8814-0135-1655-8443-000003117ec0 
on database directory memory:/export1/cruise/jenkins/workspace/quartz_quartz-2.1.3_kitbuilder/quartz-2.1.3/quartz/testStoreAndRetrieveJobs  with class loader sun.misc.Launcher$AppClassLoader@182f0db 
Loaded from file:/export1/cruise/.m2/repository/org/apache/derby/derby/10.8.1.2/derby-10.8.1.2.jar
java.vendor=Sun Microsystems Inc.
java.runtime.version=1.6.0_30-b12
user.dir=/export1/cruise/jenkins/workspace/quartz_quartz-2.1.3_kitbuilder/quartz-2.1.3/quartz
derby.system.home=null
Database Class Loader started - derby.database.classpath=''
----------------------------------------------------------------
Wed Jan 25 11:26:45 PST 2012:
Shutting down instance e32c4722-0135-1655-8443-000003117ec0 on database directory memory:/export1/cruise/jenkins/workspace/quartz_quartz-2.1.3_kitbuilder/quartz-2.1.3/quartz/AbstractJobStoreTest with class loader sun.misc.Launcher$AppClassLoader@182f0db 
----------------------------------------------------------------
Wed Jan 25 11:26:46 PST 2012:
Booting Derby version The Apache Software Foundation - Apache Derby - 10.8.1.2 - (1095077): instance 0e34c923-0135-1655-8443-000003117ec0 
on database directory memory:/export1/cruise/jenkins/workspace/quartz_quartz-2.1.3_kitbuilder/quartz-2.1.3/quartz/AbstractJobStoreTest  with class loader sun.misc.Launcher$AppClassLoader@182f0db 
Loaded from file:/export1/cruise/.m2/repository/org/apache/derby/derby/10.8.1.2/derby-10.8.1.2.jar
java.vendor=Sun Microsystems Inc.
java.runtime.version=1.6.0_30-b12
user.dir=/export1/cruise/jenkins/workspace/quartz_quartz-2.1.3_kitbuilder/quartz-2.1.3/quartz
derby.system.home=null
Database Class Loader started - derby.database.classpath=''
----------------------------------------------------------------
Wed Jan 25 11:26:46 PST 2012:
Booting Derby version The Apache Software Foundation - Apache Derby - 10.8.1.2 - (1095077): instance f3748a15-0135-1655-8443-000003117ec0 
on database directory memory:/export1/cruise/jenkins/workspace/quartz_quartz-2.1.3_kitbuilder/quartz-2.1.3/quartz/testStoreAndRetriveTriggers  with class loader sun.misc.Launcher$AppClassLoader@182f0db 
Loaded from file:/export1/cruise/.m2/repository/org/apache/derby/derby/10.8.1.2/derby-10.8.1.2.jar
java.vendor=Sun Microsystems Inc.
java.runtime.version=1.6.0_30-b12
user.dir=/export1/cruise/jenkins/workspace/quartz_quartz-2.1.3_kitbuilder/quartz-2.1.3/quartz
derby.system.home=null
Database Class Loader started - derby.database.classpath=''
----------------------------------------------------------------
Wed Jan 25 11:26:46 PST 2012:
Shutting down instance 0e34c923-0135-1655-8443-000003117ec0 on database directory memory:/export1/cruise/jenkins/workspace/quartz_quartz-2.1.3_kitbuilder/quartz-2.1.3/quartz/AbstractJobStoreTest with class loader sun.misc.Launcher$AppClassLoader@182f0db 
----------------------------------------------------------------
Wed Jan 25 11:26:47 PST 2012:
Booting Derby version The Apache Software Foundation - Apache Derby - 10.8.1.2 - (1095077): instance d4f28b85-0135-1655-8443-000003117ec0 
on database directory memory:/export1/cruise/jenkins/workspace/quartz_quartz-2.1.3_kitbuilder/quartz-2.1.3/quartz/AbstractJobStoreTest  with class loader sun.misc.Launcher$AppClassLoader@182f0db 
Loaded from file:/export1/cruise/.m2/repository/org/apache/derby/derby/10.8.1.2/derby-10.8.1.2.jar
java.vendor=Sun Microsystems Inc.
java.runtime.version=1.6.0_30-b12
user.dir=/export1/cruise/jenkins/workspace/quartz_quartz-2.1.3_kitbuilder/quartz-2.1.3/quartz
derby.system.home=null
Database Class Loader started - derby.database.classpath=''
----------------------------------------------------------------
Wed Jan 25 11:26:47 PST 2012:
Booting Derby version The Apache Software Foundation - Apache Derby - 10.8.1.2 - (1095077): instance 70970c79-0135-1655-8443-000003117ec0 
on database directory memory:/export1/cruise/jenkins/workspace/quartz_quartz-2.1.3_kitbuilder/quartz-2.1.3/quartz/testAcquireTriggers  with class loader sun.misc.Launcher$AppClassLoader@182f0db 
Loaded from file:/export1/cruise/.m2/repository/org/apache/derby/derby/10.8.1.2/derby-10.8.1.2.jar
java.vendor=Sun Microsystems Inc.
java.runtime.version=1.6.0_30-b12
user.dir=/export1/cruise/jenkins/workspace/quartz_quartz-2.1.3_kitbuilder/quartz-2.1.3/quartz
derby.system.home=null
Database Class Loader started - derby.database.classpath=''
----------------------------------------------------------------
Wed Jan 25 11:26:48 PST 2012:
Shutting down instance d4f28b85-0135-1655-8443-000003117ec0 on database directory memory:/export1/cruise/jenkins/workspace/quartz_quartz-2.1.3_kitbuilder/quartz-2.1.3/quartz/AbstractJobStoreTest with class loader sun.misc.Launcher$AppClassLoader@182f0db 
----------------------------------------------------------------
Wed Jan 25 11:26:48 PST 2012:
Booting Derby version The Apache Software Foundation - Apache Derby - 10.8.1.2 - (1095077): instance 5a174e2a-0135-1655-8443-000003117ec0 
on database directory memory:/export1/cruise/jenkins/workspace/quartz_quartz-2.1.3_kitbuilder/quartz-2.1.3/quartz/AbstractJobStoreTest  with class loader sun.misc.Launcher$AppClassLoader@182f0db 
Loaded from file:/export1/cruise/.m2/repository/org/apache/derby/derby/10.8.1.2/derby-10.8.1.2.jar
java.vendor=Sun Microsystems Inc.
java.runtime.version=1.6.0_30-b12
user.dir=/export1/cruise/jenkins/workspace/quartz_quartz-2.1.3_kitbuilder/quartz-2.1.3/quartz
derby.system.home=null
Database Class Loader started - derby.database.classpath=''
----------------------------------------------------------------
Wed Jan 25 11:26:48 PST 2012:
Booting Derby version The Apache Software Foundation - Apache Derby - 10.8.1.2 - (1095077): instance 9f7e8f1c-0135-1655-8443-000003117ec0 
on database directory memory:/export1/cruise/jenkins/workspace/quartz_quartz-2.1.3_kitbuilder/quartz-2.1.3/quartz/testAcquireTriggersInBatch  with class loader sun.misc.Launcher$AppClassLoader@182f0db 
Loaded from file:/export1/cruise/.m2/repository/org/apache/derby/derby/10.8.1.2/derby-10.8.1.2.jar
java.vendor=Sun Microsystems Inc.
java.runtime.version=1.6.0_30-b12
user.dir=/export1/cruise/jenkins/workspace/quartz_quartz-2.1.3_kitbuilder/quartz-2.1.3/quartz
derby.system.home=null
Database Class Loader started - derby.database.classpath=''
----------------------------------------------------------------
Wed Jan 25 11:26:49 PST 2012:
Shutting down instance 5a174e2a-0135-1655-8443-000003117ec0 on database directory memory:/export1/cruise/jenkins/workspace/quartz_quartz-2.1.3_kitbuilder/quartz-2.1.3/quartz/AbstractJobStoreTest with class loader sun.misc.Launcher$AppClassLoader@182f0db 
